<?xml version="1.0" encoding="UTF-8"?>
<!-- Generated by org.testng.reporters.JUnitReportReporter -->
<testsuite hostname="DESKTOP-M57T0K8" failures="0" tests="1" name="API_test.Post_Create" time="2.811" errors="0" timestamp="2022-11-22T21:13:40 IST" skipped="0">
  <testcase classname="API_test.Post_Create" name="create_api" time="2.811"/>
  <system-out/>
</testsuite> <!-- API_test.Post_Create -->
