<?xml version="1.0" encoding="UTF-8"?>
<!-- Generated by org.testng.reporters.JUnitReportReporter -->
<testsuite hostname="DESKTOP-M57T0K8" failures="0" tests="1" name="API_test.Get_Api_Para" time="1.784" errors="0" timestamp="2022-11-22T19:53:53 IST" skipped="0">
  <testcase classname="API_test.Get_Api_Para" name="getListUserwith_para" time="1.784"/>
  <system-out/>
</testsuite> <!-- API_test.Get_Api_Para -->
