<?xml version="1.0" encoding="UTF-8"?>
<!-- Generated by org.testng.reporters.JUnitReportReporter -->
<testsuite hostname="DESKTOP-M57T0K8" failures="0" tests="1" name="API_test.Get_Api_Test" time="1.689" errors="0" timestamp="2022-11-22T19:26:59 IST" skipped="0">
  <testcase classname="API_test.Get_Api_Test" name="getListUser" time="1.689"/>
  <system-out/>
</testsuite> <!-- API_test.Get_Api_Test -->
